c:\users\lucas\downloads\aplicação_tcp_winsock\tcp-socket-clienteservidor\cliente_multithread\debug\main.obj
c:\users\lucas\downloads\aplicação_tcp_winsock\tcp-socket-clienteservidor\cliente_multithread\debug\cliente.obj
c:\users\lucas\downloads\aplicação_tcp_winsock\tcp-socket-clienteservidor\cliente_multithread\debug\appobjects.obj
c:\users\lucas\downloads\aplicação_tcp_winsock\tcp-socket-clienteservidor\cliente_multithread\debug\vc100.pdb
c:\users\lucas\documents\github\distributed-systems\practice-1\client\debug\main.obj
c:\users\lucas\documents\github\distributed-systems\practice-1\client\debug\cliente.obj
c:\users\lucas\documents\github\distributed-systems\practice-1\client\debug\appobjects.obj
c:\users\lucas\documents\github\distributed-systems\practice-1\client\debug\vc100.pdb
c:\users\lucas\downloads\aplicação_tcp_winsock\tcp-socket-clienteservidor\cliente_multithread\debug\client.exe
c:\users\lucas\downloads\aplicação_tcp_winsock\tcp-socket-clienteservidor\cliente_multithread\debug\client.exe.intermediate.manifest
c:\users\lucas\downloads\aplicação_tcp_winsock\tcp-socket-clienteservidor\cliente_multithread\debug\client.pdb
c:\users\lucas\documents\github\distributed-systems\practice-1\client\debug\client.exe
c:\users\lucas\documents\github\distributed-systems\practice-1\client\debug\ex1.vcxprojresolveassemblyreference.cache
c:\users\lucas\documents\github\distributed-systems\practice-1\client\debug\cl.command.1.tlog
c:\users\lucas\documents\github\distributed-systems\practice-1\client\debug\cl.read.1.tlog
c:\users\lucas\documents\github\distributed-systems\practice-1\client\debug\cl.write.1.tlog
c:\users\lucas\documents\github\distributed-systems\practice-1\client\debug\client.write.1.tlog
c:\users\lucas\documents\github\distributed-systems\practice-1\client\debug\link.command.1.tlog
c:\users\lucas\documents\github\distributed-systems\practice-1\client\debug\link.read.1.tlog
c:\users\lucas\documents\github\distributed-systems\practice-1\client\debug\link.write.1.tlog
c:\users\lucas\documents\github\distributed-systems\practice-1\client\debug\mt.command.1.tlog
c:\users\lucas\documents\github\distributed-systems\practice-1\client\debug\mt.read.1.tlog
c:\users\lucas\documents\github\distributed-systems\practice-1\client\debug\mt.write.1.tlog
c:\users\lucas\documents\github\distributed-systems\practice-1\client\debug\client.exe.intermediate.manifest
c:\users\lucas\documents\github\distributed-systems\practice-1\client\debug\vc100.idb
c:\users\lucas\documents\github\distributed-systems\practice-1\client\debug\client.pdb
