Build started 3/27/2015 9:46:26 AM.
     1>Project "C:\Users\Lucas\Documents\GitHub\distributed-systems\practice-1\client\ex1.vcxproj" on node 2 (Build target(s)).
     1>ClCompile:
         C:\Program Files (x86)\Microsoft Visual Studio 10.0\VC\bin\CL.exe /c /ZI /nologo /W3 /WX- /Od /Oy- /D WIN32 /D _DEBUG /D _CONSOLE /D _VC80_UPGRADE=0x0710 /D _MBCS /Gm- /EHsc /MTd /GS /fp:precise /Zc:wchar_t /Zc:forScope /Fo".\Debug/" /Fd".\Debug/vc100.pdb" /Gd /TP /analyze- /errorReport:prompt Cliente.cpp
         Cliente.cpp
     1>c:\users\lucas\documents\github\distributed-systems\practice-1\client\appobjects.h(6): warning C4005: '_WIN32_WINNT' : macro redefinition
                 c:\program files (x86)\microsoft sdks\windows\v7.0a\include\sdkddkver.h(197) : see previous definition of '_WIN32_WINNT'
     1>c:\users\lucas\documents\github\distributed-systems\practice-1\client\cliente.cpp(60): warning C4996: 'scanf': This function or variable may be unsafe. Consider using scanf_s instead. To disable deprecation, use _CRT_SECURE_NO_WARNINGS. See online help for details.
                 c:\program files (x86)\microsoft visual studio 10.0\vc\include\stdio.h(304) : see declaration of 'scanf'
     1>c:\users\lucas\documents\github\distributed-systems\practice-1\client\cliente.cpp(119): warning C4996: 'scanf': This function or variable may be unsafe. Consider using scanf_s instead. To disable deprecation, use _CRT_SECURE_NO_WARNINGS. See online help for details.
                 c:\program files (x86)\microsoft visual studio 10.0\vc\include\stdio.h(304) : see declaration of 'scanf'
     1>c:\users\lucas\documents\github\distributed-systems\practice-1\client\cliente.cpp(122): warning C4996: 'scanf': This function or variable may be unsafe. Consider using scanf_s instead. To disable deprecation, use _CRT_SECURE_NO_WARNINGS. See online help for details.
                 c:\program files (x86)\microsoft visual studio 10.0\vc\include\stdio.h(304) : see declaration of 'scanf'
     1>c:\users\lucas\documents\github\distributed-systems\practice-1\client\cliente.cpp(123): warning C4996: 'scanf': This function or variable may be unsafe. Consider using scanf_s instead. To disable deprecation, use _CRT_SECURE_NO_WARNINGS. See online help for details.
                 c:\program files (x86)\microsoft visual studio 10.0\vc\include\stdio.h(304) : see declaration of 'scanf'
     1>c:\users\lucas\documents\github\distributed-systems\practice-1\client\cliente.cpp(127): warning C4996: 'gets': This function or variable may be unsafe. Consider using gets_s instead. To disable deprecation, use _CRT_SECURE_NO_WARNINGS. See online help for details.
                 c:\program files (x86)\microsoft visual studio 10.0\vc\include\stdio.h(277) : see declaration of 'gets'
       Link:
         C:\Program Files (x86)\Microsoft Visual Studio 10.0\VC\bin\link.exe /ERRORREPORT:PROMPT /OUT:"C:\Users\Lucas\Documents\GitHub\distributed-systems\practice-1\client\Debug\client.exe" /INCREMENTAL:NO /NOLOGO kernel32.lib user32.lib gdi32.lib winspool.lib comdlg32.lib advapi32.lib shell32.lib ole32.lib oleaut32.lib uuid.lib odbc32.lib odbccp32.lib /MANIFEST /ManifestFile:"Debug\client.exe.intermediate.manifest" /MANIFESTUAC:"level='asInvoker' uiAccess='false'" /DEBUG /PDB:"C:\Users\Lucas\Documents\GitHub\distributed-systems\practice-1\client\Debug\client.pdb" /SUBSYSTEM:CONSOLE /TLBID:1 /DYNAMICBASE:NO /IMPLIB:"C:\Users\Lucas\Documents\GitHub\distributed-systems\practice-1\client\Debug\client.lib" /MACHINE:X86 .\Debug/AppObjects.obj
         .\Debug/Cliente.obj
         .\Debug/main.obj
     1>AppObjects.obj : warning LNK4075: ignoring '/EDITANDCONTINUE' due to '/INCREMENTAL:NO' specification
         ex1.vcxproj -> C:\Users\Lucas\Documents\GitHub\distributed-systems\practice-1\client\Debug\client.exe
       Manifest:
         C:\Program Files (x86)\Microsoft SDKs\Windows\v7.0A\bin\mt.exe /nologo /verbose /outputresource:"C:\Users\Lucas\Documents\GitHub\distributed-systems\practice-1\client\Debug\client.exe;#1" /manifest Debug\client.exe.intermediate.manifest
     1>Done Building Project "C:\Users\Lucas\Documents\GitHub\distributed-systems\practice-1\client\ex1.vcxproj" (Build target(s)).

Build succeeded.

Time Elapsed 00:00:00.71
