c:\sd-2015-1\lab-sd-clienteservidor2015\servidor_vc_mt\debug\servidor.obj
c:\sd-2015-1\lab-sd-clienteservidor2015\servidor_vc_mt\debug\serverinstance.obj
c:\sd-2015-1\lab-sd-clienteservidor2015\servidor_vc_mt\debug\main.obj
c:\sd-2015-1\lab-sd-clienteservidor2015\servidor_vc_mt\debug\appobjects.obj
c:\sd-2015-1\lab-sd-clienteservidor2015\servidor_vc_mt\debug\vc100.pdb
c:\sd-2015-1\tcp-socket-clienteservidor\servidor_multithread\debug\main.obj
c:\sd-2015-1\tcp-socket-clienteservidor\servidor_multithread\debug\servidor.obj
c:\sd-2015-1\tcp-socket-clienteservidor\servidor_multithread\debug\serverinstance.obj
c:\sd-2015-1\tcp-socket-clienteservidor\servidor_multithread\debug\appobjects.obj
c:\sd-2015-1\tcp-socket-clienteservidor\servidor_multithread\debug\vc100.pdb
c:\sd-2015-1\colocar no moodle\tcp-socket-clienteservidor\servidor_multithread\debug\servidor.obj
c:\sd-2015-1\colocar no moodle\tcp-socket-clienteservidor\servidor_multithread\debug\serverinstance.obj
c:\sd-2015-1\colocar no moodle\tcp-socket-clienteservidor\servidor_multithread\debug\main.obj
c:\sd-2015-1\colocar no moodle\tcp-socket-clienteservidor\servidor_multithread\debug\appobjects.obj
c:\sd-2015-1\colocar no moodle\tcp-socket-clienteservidor\servidor_multithread\debug\vc100.pdb
c:\users\lucas\downloads\aplicação_tcp_winsock\tcp-socket-clienteservidor\servidor_multithread\debug\servidor.obj
c:\users\lucas\downloads\aplicação_tcp_winsock\tcp-socket-clienteservidor\servidor_multithread\debug\serverinstance.obj
c:\users\lucas\downloads\aplicação_tcp_winsock\tcp-socket-clienteservidor\servidor_multithread\debug\main.obj
c:\users\lucas\downloads\aplicação_tcp_winsock\tcp-socket-clienteservidor\servidor_multithread\debug\appobjects.obj
c:\users\lucas\downloads\aplicação_tcp_winsock\tcp-socket-clienteservidor\servidor_multithread\debug\vc100.pdb
c:\sd-2015-1\lab-sd-clienteservidor2015\servidor_vc_mt\debug\server.exe
c:\sd-2015-1\lab-sd-clienteservidor2015\servidor_vc_mt\debug\server.exe.intermediate.manifest
c:\sd-2015-1\lab-sd-clienteservidor2015\servidor_vc_mt\debug\server.pdb
c:\sd-2015-1\tcp-socket-clienteservidor\servidor_multithread\debug\server.exe
c:\sd-2015-1\tcp-socket-clienteservidor\servidor_multithread\debug\server.exe.intermediate.manifest
c:\sd-2015-1\tcp-socket-clienteservidor\servidor_multithread\debug\server.pdb
c:\sd-2015-1\colocar no moodle\tcp-socket-clienteservidor\servidor_multithread\debug\server.exe
c:\sd-2015-1\colocar no moodle\tcp-socket-clienteservidor\servidor_multithread\debug\server.exe.intermediate.manifest
c:\sd-2015-1\colocar no moodle\tcp-socket-clienteservidor\servidor_multithread\debug\server.pdb
c:\users\lucas\downloads\aplicação_tcp_winsock\tcp-socket-clienteservidor\servidor_multithread\debug\server.exe
c:\users\lucas\downloads\aplicação_tcp_winsock\tcp-socket-clienteservidor\servidor_multithread\debug\server.exe.intermediate.manifest
c:\users\lucas\downloads\aplicação_tcp_winsock\tcp-socket-clienteservidor\servidor_multithread\debug\server.pdb
c:\users\lucas\documents\github\distributed-systems\practice-1\server\debug\ex1.vcxprojresolveassemblyreference.cache
c:\users\lucas\documents\github\distributed-systems\practice-1\server\debug\appobjects.obj
c:\users\lucas\documents\github\distributed-systems\practice-1\server\debug\main.obj
c:\users\lucas\documents\github\distributed-systems\practice-1\server\debug\serverinstance.obj
c:\users\lucas\documents\github\distributed-systems\practice-1\server\debug\servidor.obj
c:\users\lucas\documents\github\distributed-systems\practice-1\server\debug\cl.command.1.tlog
c:\users\lucas\documents\github\distributed-systems\practice-1\server\debug\cl.read.1.tlog
c:\users\lucas\documents\github\distributed-systems\practice-1\server\debug\cl.write.1.tlog
c:\users\lucas\documents\github\distributed-systems\practice-1\server\debug\link.command.1.tlog
c:\users\lucas\documents\github\distributed-systems\practice-1\server\debug\link.read.1.tlog
c:\users\lucas\documents\github\distributed-systems\practice-1\server\debug\link.write.1.tlog
c:\users\lucas\documents\github\distributed-systems\practice-1\server\debug\mt.command.1.tlog
c:\users\lucas\documents\github\distributed-systems\practice-1\server\debug\mt.read.1.tlog
c:\users\lucas\documents\github\distributed-systems\practice-1\server\debug\mt.write.1.tlog
c:\users\lucas\documents\github\distributed-systems\practice-1\server\debug\server.write.1.tlog
c:\users\lucas\documents\github\distributed-systems\practice-1\server\debug\server.exe.intermediate.manifest
c:\users\lucas\documents\github\distributed-systems\practice-1\server\debug\vc100.idb
c:\users\lucas\documents\github\distributed-systems\practice-1\server\debug\server.pdb
c:\users\lucas\documents\github\distributed-systems\practice-1\server\debug\vc100.pdb
c:\users\lucas\documents\github\distributed-systems\practice-1\server\debug\server.exe
